***********************************************************
Timestamp: 19 12 01 Sun 11:26:24 (UTC)

Backend results:
0 tests completed, 0 failed, 35 skipped (compile error)

Frontend results:
From the total of 19 tests, 0 were successful

Total score (percentage):
0.00%


***********************************************************
Backend Gradle build log:

Initialized native services in: /home/travis/.gradle/native
The client will now receive all logging from the daemon (pid: 5232). The daemon log file: /home/travis/.gradle/daemon/5.1.1/daemon-5232.out.log
Starting 2nd build in daemon [uptime: 34.58 secs, performance: 97%]
Using 2 worker leases.
Starting Build
Settings evaluated using settings file '/home/travis/build/McGill-ECSE321-Fall2019/assignment-grader/EventRegistration-Backend/settings.gradle'.
Projects loaded. Root project using build file '/home/travis/build/McGill-ECSE321-Fall2019/assignment-grader/EventRegistration-Backend/build.gradle'.
Included projects: [root project 'EventRegistration-Backend']

> Configure project :
Evaluating root project 'EventRegistration-Backend' using build file '/home/travis/build/McGill-ECSE321-Fall2019/assignment-grader/EventRegistration-Backend/build.gradle'.
Applying dependency management to configuration 'annotationProcessor' in project 'EventRegistration-Backend'
Applying dependency management to configuration 'apiElements' in project 'EventRegistration-Backend'
Applying dependency management to configuration 'archives' in project 'EventRegistration-Backend'
Applying dependency management to configuration 'bootArchives' in project 'EventRegistration-Backend'
Applying dependency management to configuration 'compile' in project 'EventRegistration-Backend'
Applying dependency management to configuration 'compileClasspath' in project 'EventRegistration-Backend'
Applying dependency management to configuration 'compileOnly' in project 'EventRegistration-Backend'
Applying dependency management to configuration 'default' in project 'EventRegistration-Backend'
Applying dependency management to configuration 'implementation' in project 'EventRegistration-Backend'
Applying dependency management to configuration 'runtime' in project 'EventRegistration-Backend'
Applying dependency management to configuration 'runtimeClasspath' in project 'EventRegistration-Backend'
Applying dependency management to configuration 'runtimeElements' in project 'EventRegistration-Backend'
Applying dependency management to configuration 'runtimeOnly' in project 'EventRegistration-Backend'
Applying dependency management to configuration 'testAnnotationProcessor' in project 'EventRegistration-Backend'
Applying dependency management to configuration 'testCompile' in project 'EventRegistration-Backend'
Applying dependency management to configuration 'testCompileClasspath' in project 'EventRegistration-Backend'
Applying dependency management to configuration 'testCompileOnly' in project 'EventRegistration-Backend'
Applying dependency management to configuration 'testImplementation' in project 'EventRegistration-Backend'
Applying dependency management to configuration 'testRuntime' in project 'EventRegistration-Backend'
Applying dependency management to configuration 'testRuntimeClasspath' in project 'EventRegistration-Backend'
Applying dependency management to configuration 'testRuntimeOnly' in project 'EventRegistration-Backend'
All projects evaluated.
Selected primary task 'test' from project :
Tasks to be executed: [task ':compileJava', task ':processResources', task ':classes', task ':compileTestJava', task ':processTestResources', task ':testClasses', task ':test']
:compileJava (Thread[Daemon worker,5,main]) started.

> Task :compileJava UP-TO-DATE
Resolving global dependency management for project 'EventRegistration-Backend'
Excluding [org.apache.tomcat:tomcat-annotations-api]
Excluding []
Skipping task ':compileJava' as it is up-to-date.
:compileJava (Thread[Daemon worker,5,main]) completed. Took 1.47 secs.
:processResources (Thread[Execution worker for ':',5,main]) started.

> Task :processResources UP-TO-DATE
Skipping task ':processResources' as it is up-to-date.
:processResources (Thread[Execution worker for ':',5,main]) completed. Took 0.007 secs.
:classes (Thread[Execution worker for ':',5,main]) started.

> Task :classes UP-TO-DATE
Skipping task ':classes' as it has no actions.
:classes (Thread[Execution worker for ':',5,main]) completed. Took 0.0 secs.
:compileTestJava (Thread[Execution worker for ':',5,main]) started.

> Task :compileTestJava
Excluding []
Excluding []
Task ':compileTestJava' is not up-to-date because:
  No history is available.
Custom actions are attached to task ':compileTestJava'.
All input files are considered out-of-date for incremental task ':compileTestJava'.
Full recompilation is required because no incremental change information is available. This is usually caused by clean builds or changing compiler arguments.
Compiling with JDK Java compiler API.
/home/travis/build/McGill-ECSE321-Fall2019/assignment-grader/EventRegistration-Backend/src/test/java/ca/mcgill/ecse321/eventregistration/service/payment/TestPaymentWithBitcoinHidden.java:58: error: cannot find symbol
			Bitcoin ap = service.createBitcoinPay(TestPaymentWithBitcoinData.TEST01_VALID_ID,
			                    ^
  symbol:   method createBitcoinPay(String,int)
  location: variable service of type EventRegistrationService
/home/travis/build/McGill-ECSE321-Fall2019/assignment-grader/EventRegistration-Backend/src/test/java/ca/mcgill/ecse321/eventregistration/service/payment/TestPaymentWithBitcoinHidden.java:60: error: cannot find symbol
			service.pay(r, ap);
			       ^
  symbol:   method pay(Registration,Bitcoin)
  location: variable service of type EventRegistrationService
/home/travis/build/McGill-ECSE321-Fall2019/assignment-grader/EventRegistration-Backend/src/test/java/ca/mcgill/ecse321/eventregistration/service/payment/TestPaymentWithBitcoinHidden.java:63: error: cannot find symbol
			bitcoinAsserts(ap, allRs.get(0).getBitcoin());
			                               ^
  symbol:   method getBitcoin()
  location: class Registration
/home/travis/build/McGill-ECSE321-Fall2019/assignment-grader/EventRegistration-Backend/src/test/java/ca/mcgill/ecse321/eventregistration/service/payment/TestPaymentWithBitcoinHidden.java:84: error: cannot find symbol
				pays[i] = service.createBitcoinPay(ids[i], amounts[i]);
				                 ^
  symbol:   method createBitcoinPay(String,int)
  location: variable service of type EventRegistrationService
/home/travis/build/McGill-ECSE321-Fall2019/assignment-grader/EventRegistration-Backend/src/test/java/ca/mcgill/ecse321/eventregistration/service/payment/TestPaymentWithBitcoinHidden.java:85: error: cannot find symbol
				service.pay(r, pays[i]);
				       ^
  symbol:   method pay(Registration,Bitcoin)
  location: variable service of type EventRegistrationService
/home/travis/build/McGill-ECSE321-Fall2019/assignment-grader/EventRegistration-Backend/src/test/java/ca/mcgill/ecse321/eventregistration/service/payment/TestPaymentWithBitcoinHidden.java:116: error: cannot find symbol
				pays[i] = service.createBitcoinPay(ids[i], amounts[i]);
				                 ^
  symbol:   method createBitcoinPay(String,int)
  location: variable service of type EventRegistrationService
/home/travis/build/McGill-ECSE321-Fall2019/assignment-grader/EventRegistration-Backend/src/test/java/ca/mcgill/ecse321/eventregistration/service/payment/TestPaymentWithBitcoinHidden.java:117: error: cannot find symbol
				service.pay(r, pays[i]);
				       ^
  symbol:   method pay(Registration,Bitcoin)
  location: variable service of type EventRegistrationService
/home/travis/build/McGill-ECSE321-Fall2019/assignment-grader/EventRegistration-Backend/src/test/java/ca/mcgill/ecse321/eventregistration/service/payment/TestPaymentWithBitcoinHidden.java:148: error: cannot find symbol
				pays[i] = service.createBitcoinPay(ids[i], amounts[i]);
				                 ^
  symbol:   method createBitcoinPay(String,int)
  location: variable service of type EventRegistrationService
/home/travis/build/McGill-ECSE321-Fall2019/assignment-grader/EventRegistration-Backend/src/test/java/ca/mcgill/ecse321/eventregistration/service/payment/TestPaymentWithBitcoinHidden.java:149: error: cannot find symbol
				service.pay(r, pays[i]);
				       ^
  symbol:   method pay(Registration,Bitcoin)
  location: variable service of type EventRegistrationService
/home/travis/build/McGill-ECSE321-Fall2019/assignment-grader/EventRegistration-Backend/src/test/java/ca/mcgill/ecse321/eventregistration/service/payment/TestPaymentWithBitcoinHidden.java:170: error: cannot find symbol
			Bitcoin ap1 = service.createBitcoinPay(TestPaymentWithBitcoinData.TEST05_INITIAL_ID,
			                     ^
  symbol:   method createBitcoinPay(String,int)
  location: variable service of type EventRegistrationService
/home/travis/build/McGill-ECSE321-Fall2019/assignment-grader/EventRegistration-Backend/src/test/java/ca/mcgill/ecse321/eventregistration/service/payment/TestPaymentWithBitcoinHidden.java:172: error: cannot find symbol
			Bitcoin ap2 = service.createBitcoinPay(TestPaymentWithBitcoinData.TEST05_AFTER_ID,
			                     ^
  symbol:   method createBitcoinPay(String,int)
  location: variable service of type EventRegistrationService
/home/travis/build/McGill-ECSE321-Fall2019/assignment-grader/EventRegistration-Backend/src/test/java/ca/mcgill/ecse321/eventregistration/service/payment/TestPaymentWithBitcoinHidden.java:174: error: cannot find symbol
			service.pay(r, ap1);
			       ^
  symbol:   method pay(Registration,Bitcoin)
  location: variable service of type EventRegistrationService
/home/travis/build/McGill-ECSE321-Fall2019/assignment-grader/EventRegistration-Backend/src/test/java/ca/mcgill/ecse321/eventregistration/service/payment/TestPaymentWithBitcoinHidden.java:177: error: cannot find symbol
			bitcoinAsserts(ap1, allRs1.get(0).getBitcoin());
			                                 ^
  symbol:   method getBitcoin()
  location: class Registration
/home/travis/build/McGill-ECSE321-Fall2019/assignment-grader/EventRegistration-Backend/src/test/java/ca/mcgill/ecse321/eventregistration/service/payment/TestPaymentWithBitcoinHidden.java:178: error: cannot find symbol
			service.pay(r, ap2);
			       ^
  symbol:   method pay(Registration,Bitcoin)
  location: variable service of type EventRegistrationService
/home/travis/build/McGill-ECSE321-Fall2019/assignment-grader/EventRegistration-Backend/src/test/java/ca/mcgill/ecse321/eventregistration/service/payment/TestPaymentWithBitcoinHidden.java:181: error: cannot find symbol
			bitcoinAsserts(ap2, allRs2.get(0).getBitcoin());
			                                 ^
  symbol:   method getBitcoin()
  location: class Registration
/home/travis/build/McGill-ECSE321-Fall2019/assignment-grader/EventRegistration-Backend/src/test/java/ca/mcgill/ecse321/eventregistration/service/payment/TestPaymentWithBitcoinHidden.java:190: error: cannot find symbol
			Bitcoin ap = service.createBitcoinPay(TestPaymentWithBitcoinData.TEST06_VALID_ID,
			                    ^
  symbol:   method createBitcoinPay(String,int)
  location: variable service of type EventRegistrationService
/home/travis/build/McGill-ECSE321-Fall2019/assignment-grader/EventRegistration-Backend/src/test/java/ca/mcgill/ecse321/eventregistration/service/payment/TestPaymentWithBitcoinHidden.java:193: error: incompatible types: Cinema cannot be converted to Bitcoin
			for (Bitcoin pay : bitcoinRepository.findAll()) {
			                                            ^
/home/travis/build/McGill-ECSE321-Fall2019/assignment-grader/EventRegistration-Backend/src/test/java/ca/mcgill/ecse321/eventregistration/service/payment/TestPaymentWithBitcoinHidden.java:208: error: cannot find symbol
			service.pay(r, ap);
			       ^
  symbol:   method pay(Registration,Bitcoin)
  location: variable service of type EventRegistrationService
/home/travis/build/McGill-ECSE321-Fall2019/assignment-grader/EventRegistration-Backend/src/test/java/ca/mcgill/ecse321/eventregistration/service/payment/TestPaymentWithBitcoinHidden.java:223: error: cannot find symbol
			service.pay(r, ap);
			       ^
  symbol:   method pay(Registration,Bitcoin)
  location: variable service of type EventRegistrationService
/home/travis/build/McGill-ECSE321-Fall2019/assignment-grader/EventRegistration-Backend/src/test/java/ca/mcgill/ecse321/eventregistration/service/payment/TestPaymentWithBitcoinHidden.java:233: error: cannot find symbol
			service.createBitcoinPay(TestPaymentWithBitcoinData.TEST09_WRONG_ID,
			       ^
  symbol:   method createBitcoinPay(String,int)
  location: variable service of type EventRegistrationService
/home/travis/build/McGill-ECSE321-Fall2019/assignment-grader/EventRegistration-Backend/src/test/java/ca/mcgill/ecse321/eventregistration/service/payment/TestPaymentWithBitcoinHidden.java:244: error: cannot find symbol
			service.createBitcoinPay(TestPaymentWithBitcoinData.TEST10_WRONG_ID,
			       ^
  symbol:   method createBitcoinPay(String,int)
  location: variable service of type EventRegistrationService
/home/travis/build/McGill-ECSE321-Fall2019/assignment-grader/EventRegistration-Backend/src/test/java/ca/mcgill/ecse321/eventregistration/service/payment/TestPaymentWithBitcoinHidden.java:255: error: cannot find symbol
			service.createBitcoinPay(TestPaymentWithBitcoinData.TEST11_WRONG_ID,
			       ^
  symbol:   method createBitcoinPay(String,int)
  location: variable service of type EventRegistrationService
/home/travis/build/McGill-ECSE321-Fall2019/assignment-grader/EventRegistration-Backend/src/test/java/ca/mcgill/ecse321/eventregistration/service/payment/TestPaymentWithBitcoinHidden.java:265: error: cannot find symbol
			service.createBitcoinPay(TestPaymentWithBitcoinData.TEST12_WRONG_ID,
			       ^
  symbol:   method createBitcoinPay(String,int)
  location: variable service of type EventRegistrationService
/home/travis/build/McGill-ECSE321-Fall2019/assignment-grader/EventRegistration-Backend/src/test/java/ca/mcgill/ecse321/eventregistration/service/payment/TestPaymentWithBitcoinHidden.java:275: error: cannot find symbol
			service.createBitcoinPay(TestPaymentWithBitcoinData.TEST13_WRONG_ID,
			       ^
  symbol:   method createBitcoinPay(String,int)
  location: variable service of type EventRegistrationService
/home/travis/build/McGill-ECSE321-Fall2019/assignment-grader/EventRegistration-Backend/src/test/java/ca/mcgill/ecse321/eventregistration/service/payment/TestPaymentWithBitcoinHidden.java:285: error: cannot find symbol
			Bitcoin ap = service.createBitcoinPay(TestPaymentWithBitcoinData.TEST14_VALID_ID,
			                    ^
  symbol:   method createBitcoinPay(String,int)
  location: variable service of type EventRegistrationService
/home/travis/build/McGill-ECSE321-Fall2019/assignment-grader/EventRegistration-Backend/src/test/java/ca/mcgill/ecse321/eventregistration/service/payment/TestPaymentWithBitcoinHidden.java:288: error: incompatible types: Cinema cannot be converted to Bitcoin
			for (Bitcoin pay : bitcoinRepository.findAll()) {
			                                            ^
/home/travis/build/McGill-ECSE321-Fall2019/assignment-grader/EventRegistration-Backend/src/test/java/ca/mcgill/ecse321/eventregistration/service/payment/TestPaymentWithBitcoinHidden.java:299: error: cannot find symbol
			service.createBitcoinPay(TestPaymentWithBitcoinData.TEST15_VALID_ID,
			       ^
  symbol:   method createBitcoinPay(String,int)
  location: variable service of type EventRegistrationService
/home/travis/build/McGill-ECSE321-Fall2019/assignment-grader/EventRegistration-Backend/src/test/java/ca/mcgill/ecse321/eventregistration/service/payment/TestPaymentWithBitcoinHidden.java:311: error: cannot find symbol
		assertEquals(expected.getAmount(), actual.getAmount());
		                     ^
  symbol:   method getAmount()
  location: variable expected of type Bitcoin
/home/travis/build/McGill-ECSE321-Fall2019/assignment-grader/EventRegistration-Backend/src/test/java/ca/mcgill/ecse321/eventregistration/service/payment/TestPaymentWithBitcoinHidden.java:311: error: cannot find symbol
		assertEquals(expected.getAmount(), actual.getAmount());
		                                         ^
  symbol:   method getAmount()
  location: variable actual of type Bitcoin
/home/travis/build/McGill-ECSE321-Fall2019/assignment-grader/EventRegistration-Backend/src/test/java/ca/mcgill/ecse321/eventregistration/service/payment/TestPaymentWithBitcoinHidden.java:312: error: cannot find symbol
		assertEquals(expected.getUserID(), actual.getUserID());
		                     ^
  symbol:   method getUserID()
  location: variable expected of type Bitcoin
/home/travis/build/McGill-ECSE321-Fall2019/assignment-grader/EventRegistration-Backend/src/test/java/ca/mcgill/ecse321/eventregistration/service/payment/TestPaymentWithBitcoinHidden.java:312: error: cannot find symbol
		assertEquals(expected.getUserID(), actual.getUserID());
		                                         ^
  symbol:   method getUserID()
  location: variable actual of type Bitcoin
/home/travis/build/McGill-ECSE321-Fall2019/assignment-grader/EventRegistration-Backend/src/test/java/ca/mcgill/ecse321/eventregistration/service/payment/TestPaymentWithBitcoinHidden.java:316: error: cannot find symbol
		return pay2 != null && pay2.getAmount() == pay1.getAmount() && pay2.getUserID().equals(pay1.getUserID());
		                           ^
  symbol:   method getAmount()
  location: variable pay2 of type Bitcoin
/home/travis/build/McGill-ECSE321-Fall2019/assignment-grader/EventRegistration-Backend/src/test/java/ca/mcgill/ecse321/eventregistration/service/payment/TestPaymentWithBitcoinHidden.java:316: error: cannot find symbol
		return pay2 != null && pay2.getAmount() == pay1.getAmount() && pay2.getUserID().equals(pay1.getUserID());
		                                               ^
  symbol:   method getAmount()
  location: variable pay1 of type Bitcoin
/home/travis/build/McGill-ECSE321-Fall2019/assignment-grader/EventRegistration-Backend/src/test/java/ca/mcgill/ecse321/eventregistration/service/payment/TestPaymentWithBitcoinHidden.java:316: error: cannot find symbol
		return pay2 != null && pay2.getAmount() == pay1.getAmount() && pay2.getUserID().equals(pay1.getUserID());
		                                                                   ^
  symbol:   method getUserID()
  location: variable pay2 of type Bitcoin
/home/travis/build/McGill-ECSE321-Fall2019/assignment-grader/EventRegistration-Backend/src/test/java/ca/mcgill/ecse321/eventregistration/service/payment/TestPaymentWithBitcoinHidden.java:316: error: cannot find symbol
		return pay2 != null && pay2.getAmount() == pay1.getAmount() && pay2.getUserID().equals(pay1.getUserID());
		                                                                                           ^
  symbol:   method getUserID()
  location: variable pay1 of type Bitcoin
/home/travis/build/McGill-ECSE321-Fall2019/assignment-grader/EventRegistration-Backend/src/test/java/ca/mcgill/ecse321/eventregistration/service/payment/TestPaymentWithBitcoinHidden.java:321: error: cannot find symbol
			if (bitcoinEquals(pay, r.getBitcoin())) {
			                        ^
  symbol:   method getBitcoin()
  location: variable r of type Registration
/home/travis/build/McGill-ECSE321-Fall2019/assignment-grader/EventRegistration-Backend/src/test/java/ca/mcgill/ecse321/eventregistration/service/role/TestVolunteerRoleHidden.java:109: error: cannot find symbol
            service.volunteersEvent(Volunteer, event);
                   ^
  symbol:   method volunteersEvent(Volunteer,Event)
  location: variable service of type EventRegistrationService
/home/travis/build/McGill-ECSE321-Fall2019/assignment-grader/EventRegistration-Backend/src/test/java/ca/mcgill/ecse321/eventregistration/service/role/TestVolunteerRoleHidden.java:110: error: cannot find symbol
            assertEquals(Volunteer.getVolunteers().size(), 1);
                                  ^
  symbol:   method getVolunteers()
  location: variable Volunteer of type Volunteer
/home/travis/build/McGill-ECSE321-Fall2019/assignment-grader/EventRegistration-Backend/src/test/java/ca/mcgill/ecse321/eventregistration/service/role/TestVolunteerRoleHidden.java:121: error: cannot find symbol
            service.volunteersEvent(Volunteer, event);
                   ^
  symbol:   method volunteersEvent(Volunteer,Event)
  location: variable service of type EventRegistrationService
/home/travis/build/McGill-ECSE321-Fall2019/assignment-grader/EventRegistration-Backend/src/test/java/ca/mcgill/ecse321/eventregistration/service/role/TestVolunteerRoleHidden.java:134: error: cannot find symbol
            service.volunteersEvent(Volunteer, event);
                   ^
  symbol:   method volunteersEvent(Volunteer,Event)
  location: variable service of type EventRegistrationService
/home/travis/build/McGill-ECSE321-Fall2019/assignment-grader/EventRegistration-Backend/src/test/java/ca/mcgill/ecse321/eventregistration/service/role/TestVolunteerRoleHidden.java:146: error: cannot find symbol
            service.volunteersEvent(Volunteer, event);
                   ^
  symbol:   method volunteersEvent(Volunteer,Event)
  location: variable service of type EventRegistrationService
/home/travis/build/McGill-ECSE321-Fall2019/assignment-grader/EventRegistration-Backend/src/test/java/ca/mcgill/ecse321/eventregistration/service/role/TestVolunteerRoleHidden.java:159: error: cannot find symbol
            service.volunteersEvent(Volunteer, event);
                   ^
  symbol:   method volunteersEvent(Volunteer,Event)
  location: variable service of type EventRegistrationService
42 errors

> Task :compileTestJava FAILED
:compileTestJava (Thread[Execution worker for ':',5,main]) completed. Took 3.11 secs.

FAILURE: Build failed with an exception.

* What went wrong:
Execution failed for task ':compileTestJava'.
> Compilation failed; see the compiler error output for details.

* Try:
Run with --stacktrace option to get the stack trace. Run with --debug option to get more log output. Run with --scan to get full insights.

* Get more help at https://help.gradle.org

BUILD FAILED in 5s
3 actionable tasks: 1 executed, 2 up-to-date
